\BOOKMARK [1][-]{section.1}{Introduction}{}% 1
\BOOKMARK [1][-]{section.2}{Related Work}{}% 2
\BOOKMARK [2][-]{subsection.2.1}{Global control of microrobots}{section.2}% 3
\BOOKMARK [2][-]{subsection.2.2}{Human-swarm interaction}{section.2}% 4
\BOOKMARK [2][-]{subsection.2.3}{Block pushing and compliant manipulation}{section.2}% 5
\BOOKMARK [1][-]{section.3}{Online experiment}{}% 6
\BOOKMARK [2][-]{subsection.3.1}{Methods}{section.3}% 7
\BOOKMARK [3][-]{subsubsection.3.1.1}{Human subjects}{subsection.3.1}% 8
\BOOKMARK [2][-]{subsection.3.2}{Human-swarm interaction results}{section.3}% 9
\BOOKMARK [1][-]{section.4}{Theory}{}% 10
\BOOKMARK [2][-]{subsection.4.1}{Independent control of many robots is impossible}{section.4}% 11
\BOOKMARK [2][-]{subsection.4.2}{Controlling mean position}{section.4}% 12
\BOOKMARK [2][-]{subsection.4.3}{Controlling the variance of many robots}{section.4}% 13
\BOOKMARK [2][-]{subsection.4.4}{Controlling both mean and variance of many robots}{section.4}% 14
\BOOKMARK [1][-]{section.5}{Simulation of control laws}{}% 15
\BOOKMARK [2][-]{subsection.5.1}{Controlling the mean position}{section.5}% 16
\BOOKMARK [2][-]{subsection.5.2}{Controlling the variance}{section.5}% 17
\BOOKMARK [2][-]{subsection.5.3}{Hybrid control of mean and variance}{section.5}% 18
\BOOKMARK [1][-]{section.6}{Object manipulation results}{}% 19
\BOOKMARK [2][-]{subsection.6.1}{Human-controlled object manipulation}{section.6}% 20
\BOOKMARK [2][-]{subsection.6.2}{Automated object manipulation \(simulation\)}{section.6}% 21
\BOOKMARK [1][-]{section.7}{Object manipulation with hardware robots}{}% 22
\BOOKMARK [2][-]{subsection.7.1}{Environmental setup}{section.7}% 23
\BOOKMARK [2][-]{subsection.7.2}{Automated object manipulation \(hardware experiment\)}{section.7}% 24
