This is pdfTeX, Version 3.14159265-2.6-1.40.16 (TeX Live 2015) (preloaded format=pdflatex 2015.5.24)  12 AUG 2016 13:16
entering extended mode
 restricted \write18 enabled.
 file:line:error style messages enabled.
 %&-line parsing enabled.
**SwarmControlIJRR.tex
(./SwarmControlIJRR.tex
LaTeX2e <2015/01/01>
Babel <3.9l> and hyphenation patterns for 79 languages loaded.
(/usr/local/texlive/2015/texmf-dist/tex/latex/base/article.cls
Document Class: article 2014/09/29 v1.4h Standard LaTeX document class
(/usr/local/texlive/2015/texmf-dist/tex/latex/base/size11.clo
File: size11.clo 2014/09/29 v1.4h Standard LaTeX file (size option)
)
\c@part=\count79
\c@section=\count80
\c@subsection=\count81
\c@subsubsection=\count82
\c@paragraph=\count83
\c@subparagraph=\count84
\c@figure=\count85
\c@table=\count86
\abovecaptionskip=\skip41
\belowcaptionskip=\skip42
\bibindent=\dimen102
)
(/usr/local/texlive/2015/texmf-dist/tex/latex/graphics/graphicx.sty
Package: graphicx 2014/10/28 v1.0g Enhanced LaTeX Graphics (DPC,SPQR)

(/usr/local/texlive/2015/texmf-dist/tex/latex/graphics/keyval.sty
Package: keyval 2014/10/28 v1.15 key=value parser (DPC)
\KV@toks@=\toks14
)
(/usr/local/texlive/2015/texmf-dist/tex/latex/graphics/graphics.sty
Package: graphics 2014/10/28 v1.0p Standard LaTeX Graphics (DPC,SPQR)

(/usr/local/texlive/2015/texmf-dist/tex/latex/graphics/trig.sty
Package: trig 1999/03/16 v1.09 sin cos tan (DPC)
)
(/usr/local/texlive/2015/texmf-dist/tex/latex/latexconfig/graphics.cfg
File: graphics.cfg 2010/04/23 v1.9 graphics configuration of TeX Live
)
Package graphics Info: Driver file: pdftex.def on input line 94.

(/usr/local/texlive/2015/texmf-dist/tex/latex/pdftex-def/pdftex.def
File: pdftex.def 2011/05/27 v0.06d Graphics/color for pdfTeX

(/usr/local/texlive/2015/texmf-dist/tex/generic/oberdiek/infwarerr.sty
Package: infwarerr 2010/04/08 v1.3 Providing info/warning/error messages (HO)
)
(/usr/local/texlive/2015/texmf-dist/tex/generic/oberdiek/ltxcmds.sty
Package: ltxcmds 2011/11/09 v1.22 LaTeX kernel commands for general use (HO)
)
\Gread@gobject=\count87
))
\Gin@req@height=\dimen103
\Gin@req@width=\dimen104
)
(/usr/local/texlive/2015/texmf-dist/tex/latex/graphics/color.sty
Package: color 2014/10/28 v1.1a Standard LaTeX Color (DPC)

(/usr/local/texlive/2015/texmf-dist/tex/latex/latexconfig/color.cfg
File: color.cfg 2007/01/18 v1.5 color configuration of teTeX/TeXLive
)
Package color Info: Driver file: pdftex.def on input line 142.

(/usr/local/texlive/2015/texmf-dist/tex/latex/graphics/dvipsnam.def
File: dvipsnam.def 2014/10/14 v3.0j Driver-dependent file (DPC,SPQR)
))
(/usr/local/texlive/2015/texmf-dist/tex/latex/tools/calc.sty
Package: calc 2014/10/28 v4.3 Infix arithmetic (KKT,FJ)
\calc@Acount=\count88
\calc@Bcount=\count89
\calc@Adimen=\dimen105
\calc@Bdimen=\dimen106
\calc@Askip=\skip43
\calc@Bskip=\skip44
LaTeX Info: Redefining \setlength on input line 80.
LaTeX Info: Redefining \addtolength on input line 81.
\calc@Ccount=\count90
\calc@Cskip=\skip45
)
(/usr/local/texlive/2015/texmf-dist/tex/latex/amsmath/amsmath.sty
Package: amsmath 2013/01/14 v2.14 AMS math features
\@mathmargin=\skip46

For additional information on amsmath, use the `?' option.
(/usr/local/texlive/2015/texmf-dist/tex/latex/amsmath/amstext.sty
Package: amstext 2000/06/29 v2.01

(/usr/local/texlive/2015/texmf-dist/tex/latex/amsmath/amsgen.sty
File: amsgen.sty 1999/11/30 v2.0
\@emptytoks=\toks15
\ex@=\dimen107
))
(/usr/local/texlive/2015/texmf-dist/tex/latex/amsmath/amsbsy.sty
Package: amsbsy 1999/11/29 v1.2d
\pmbraise@=\dimen108
)
(/usr/local/texlive/2015/texmf-dist/tex/latex/amsmath/amsopn.sty
Package: amsopn 1999/12/14 v2.01 operator names
)
\inf@bad=\count91
LaTeX Info: Redefining \frac on input line 210.
\uproot@=\count92
\leftroot@=\count93
LaTeX Info: Redefining \overline on input line 306.
\classnum@=\count94
\DOTSCASE@=\count95
LaTeX Info: Redefining \ldots on input line 378.
LaTeX Info: Redefining \dots on input line 381.
LaTeX Info: Redefining \cdots on input line 466.
\Mathstrutbox@=\box26
\strutbox@=\box27
\big@size=\dimen109
LaTeX Font Info:    Redeclaring font encoding OML on input line 566.
LaTeX Font Info:    Redeclaring font encoding OMS on input line 567.
\macc@depth=\count96
\c@MaxMatrixCols=\count97
\dotsspace@=\muskip10
\c@parentequation=\count98
\dspbrk@lvl=\count99
\tag@help=\toks16
\row@=\count100
\column@=\count101
\maxfields@=\count102
\andhelp@=\toks17
\eqnshift@=\dimen110
\alignsep@=\dimen111
\tagshift@=\dimen112
\tagwidth@=\dimen113
\totwidth@=\dimen114
\lineht@=\dimen115
\@envbody=\toks18
\multlinegap=\skip47
\multlinetaggap=\skip48
\mathdisplay@stack=\toks19
LaTeX Info: Redefining \[ on input line 2665.
LaTeX Info: Redefining \] on input line 2666.
)
(/usr/local/texlive/2015/texmf-dist/tex/latex/amsfonts/amssymb.sty
Package: amssymb 2013/01/14 v3.01 AMS font symbols

(/usr/local/texlive/2015/texmf-dist/tex/latex/amsfonts/amsfonts.sty
Package: amsfonts 2013/01/14 v3.01 Basic AMSFonts support
\symAMSa=\mathgroup4
\symAMSb=\mathgroup5
LaTeX Font Info:    Overwriting math alphabet `\mathfrak' in version `bold'
(Font)                  U/euf/m/n --> U/euf/b/n on input line 106.
))
(/usr/local/texlive/2015/texmf-dist/tex/latex/amscls/amsthm.sty
Package: amsthm 2015/03/04 v2.20.2
\thm@style=\toks20
\thm@bodyfont=\toks21
\thm@headfont=\toks22
\thm@notefont=\toks23
\thm@headpunct=\toks24
\thm@preskip=\skip49
\thm@postskip=\skip50
\thm@headsep=\skip51
\dth@everypar=\toks25
)
(/usr/local/texlive/2015/texmf-dist/tex/latex/colortbl/colortbl.sty
Package: colortbl 2012/02/13 v1.0a Color table columns (DPC)

(/usr/local/texlive/2015/texmf-dist/tex/latex/tools/array.sty
Package: array 2014/10/28 v2.4c Tabular extension package (FMi)
\col@sep=\dimen116
\extrarowheight=\dimen117
\NC@list=\toks26
\extratabsurround=\skip52
\backup@length=\skip53
)
\everycr=\toks27
\minrowclearance=\skip54
)
(/usr/local/texlive/2015/texmf-dist/tex/latex/caption/caption.sty
Package: caption 2013/05/02 v3.3-89 Customizing captions (AR)

(/usr/local/texlive/2015/texmf-dist/tex/latex/caption/caption3.sty
Package: caption3 2013/05/02 v1.6-88 caption3 kernel (AR)
Package caption3 Info: TeX engine: e-TeX on input line 57.
\captionmargin=\dimen118
\captionmargin@=\dimen119
\captionwidth=\dimen120
\caption@tempdima=\dimen121
\caption@indent=\dimen122
\caption@parindent=\dimen123
\caption@hangindent=\dimen124
)
\c@ContinuedFloat=\count103
)
(/usr/local/texlive/2015/texmf-dist/tex/latex/subfig/subfig.sty
Package: subfig 2005/06/28 ver: 1.3 subfig package
\c@KVtest=\count104
\sf@farskip=\skip55
\sf@captopadj=\dimen125
\sf@capskip=\skip56
\sf@nearskip=\skip57
\c@subfigure=\count105
\c@subfigure@save=\count106
\c@lofdepth=\count107
\c@subtable=\count108
\c@subtable@save=\count109
\c@lotdepth=\count110
\sf@top=\skip58
\sf@bottom=\skip59
)
(/usr/local/texlive/2015/texmf-dist/tex/latex/overpic/overpic.sty
Package: overpic 2010/09/13 v0.53  Overwriting graphics

Package: overpic v0.53 <2010/09/13> (RN)
(/usr/local/texlive/2015/texmf-dist/tex/latex/eepic/epic.sty
Enhancements to Picture Environment. Version 1.2 - Released June 1, 1986
\@@multicnt=\count111
\d@lta=\count112
\@delta=\dimen126
\@@delta=\dimen127
\@gridcnt=\count113
\@joinkind=\count114
\@dotgap=\dimen128
\@ddotgap=\dimen129
\@x@diff=\count115
\@y@diff=\count116
\x@diff=\dimen130
\y@diff=\dimen131
\@dotbox=\box28
\num@segments=\count117
\num@segmentsi=\count118
\@datafile=\read1
)
overpic: relative positioning in percent
) (/usr/local/texlive/2015/texmf-dist/tex/latex/breqn/breqn.sty
(/usr/local/texlive/2015/texmf-dist/tex/latex/l3kernel/expl3.sty
Package: expl3 2015/03/01 v5547 L3 programming layer (loader) 

(/usr/local/texlive/2015/texmf-dist/tex/latex/l3kernel/expl3-code.tex
Package: expl3 2015/03/01 v5547 L3 programming layer (code) 
L3 Module: l3bootstrap 2015/02/28 v5542 L3 Bootstrap code
L3 Module: l3names 2015/02/24 v5535 L3 Namespace for primitives
L3 Module: l3basics 2015/01/27 v5500 L3 Basic definitions
L3 Module: l3expan 2014/11/27 v5472 L3 Argument expansion
L3 Module: l3tl 2015/01/27 v5500 L3 Token lists
L3 Module: l3str 2015/03/01 v5545 L3 Strings
L3 Module: l3seq 2014/08/23 v5354 L3 Sequences and stacks
L3 Module: l3int 2015/02/21 v5529 L3 Integers
\c_max_int=\count119
\l_tmpa_int=\count120
\l_tmpb_int=\count121
\g_tmpa_int=\count122
\g_tmpb_int=\count123
L3 Module: l3quark 2014/08/23 v5354 L3 Quarks
L3 Module: l3prg 2014/08/23 v5354 L3 Control structures
\g__prg_map_int=\count124
L3 Module: l3clist 2014/08/23 v5354 L3 Comma separated lists
L3 Module: l3token 2014/09/15 v5422 L3 Experimental token manipulation
L3 Module: l3prop 2014/08/23 v5354 L3 Property lists
L3 Module: l3msg 2015/02/26 v5537 L3 Messages
L3 Module: l3file 2014/08/24 v5369 L3 File and I/O operations
\l_iow_line_count_int=\count125
\l__iow_target_count_int=\count126
\l__iow_current_line_int=\count127
\l__iow_current_word_int=\count128
\l__iow_current_indentation_int=\count129
L3 Module: l3skip 2014/08/23 v5354 L3 Dimensions and skips
\c_zero_dim=\dimen132
\c_max_dim=\dimen133
\l_tmpa_dim=\dimen134
\l_tmpb_dim=\dimen135
\g_tmpa_dim=\dimen136
\g_tmpb_dim=\dimen137
\c_zero_skip=\skip60
\c_max_skip=\skip61
\l_tmpa_skip=\skip62
\l_tmpb_skip=\skip63
\g_tmpa_skip=\skip64
\g_tmpb_skip=\skip65
\c_zero_muskip=\muskip11
\c_max_muskip=\muskip12
\l_tmpa_muskip=\muskip13
\l_tmpb_muskip=\muskip14
\g_tmpa_muskip=\muskip15
\g_tmpb_muskip=\muskip16
L3 Module: l3keys 2015/01/27 v5500 L3 Key-value interfaces
\g__keyval_level_int=\count130
\l_keys_choice_int=\count131
L3 Module: l3fp 2014/08/22 v5336 L3 Floating points
\c__fp_leading_shift_int=\count132
\c__fp_middle_shift_int=\count133
\c__fp_trailing_shift_int=\count134
\c__fp_big_leading_shift_int=\count135
\c__fp_big_middle_shift_int=\count136
\c__fp_big_trailing_shift_int=\count137
\c__fp_Bigg_leading_shift_int=\count138
\c__fp_Bigg_middle_shift_int=\count139
\c__fp_Bigg_trailing_shift_int=\count140
L3 Module: l3box 2014/08/23 v5354 L3 Experimental boxes
\c_empty_box=\box29
\l_tmpa_box=\box30
\l_tmpb_box=\box31
\g_tmpa_box=\box32
\g_tmpb_box=\box33
L3 Module: l3coffins 2014/08/23 v5354 L3 Coffin code layer
\l__coffin_internal_box=\box34
\l__coffin_internal_dim=\dimen138
\l__coffin_offset_x_dim=\dimen139
\l__coffin_offset_y_dim=\dimen140
\l__coffin_x_dim=\dimen141
\l__coffin_y_dim=\dimen142
\l__coffin_x_prime_dim=\dimen143
\l__coffin_y_prime_dim=\dimen144
\c_empty_coffin=\box35
\l__coffin_aligned_coffin=\box36
\l__coffin_aligned_internal_coffin=\box37
\l_tmpa_coffin=\box38
\l_tmpb_coffin=\box39
\l__coffin_display_coffin=\box40
\l__coffin_display_coord_coffin=\box41
\l__coffin_display_pole_coffin=\box42
\l__coffin_display_offset_dim=\dimen145
\l__coffin_display_x_dim=\dimen146
\l__coffin_display_y_dim=\dimen147
L3 Module: l3color 2014/08/23 v5354 L3 Experimental color support
L3 Module: l3candidates 2015/03/01 v5544 L3 Experimental additions to l3kernel
\l__box_top_dim=\dimen148
\l__box_bottom_dim=\dimen149
\l__box_left_dim=\dimen150
\l__box_right_dim=\dimen151
\l__box_top_new_dim=\dimen152
\l__box_bottom_new_dim=\dimen153
\l__box_left_new_dim=\dimen154
\l__box_right_new_dim=\dimen155
\l__box_internal_box=\box43
\l__coffin_bounding_shift_dim=\dimen156
\l__coffin_left_corner_dim=\dimen157
\l__coffin_right_corner_dim=\dimen158
\l__coffin_bottom_corner_dim=\dimen159
\l__coffin_top_corner_dim=\dimen160
\l__coffin_scaled_total_height_dim=\dimen161
\l__coffin_scaled_width_dim=\dimen162
)
(/usr/local/texlive/2015/texmf-dist/tex/latex/l3kernel/l3unicode-data.def
File: l3unicode-data.def 2015/03/01 v5544 L3 Unicode data
)
(/usr/local/texlive/2015/texmf-dist/tex/latex/l3kernel/l3pdfmode.def
File: l3pdfmode.def 2015/03/01 v5544 L3 Experimental driver: PDF mode
\l__driver_color_stack_int=\count141
))
Package: breqn 2012/05/10 v0.98b Breaking equations

(/usr/local/texlive/2015/texmf-dist/tex/latex/breqn/flexisym.sty
Package: flexisym 2013/03/16 v0.97c Make math characters macros
LaTeX Info: Redefining \textprime on input line 299.
LaTeX Info: Redefining \not on input line 357.

(/usr/local/texlive/2015/texmf-dist/tex/latex/breqn/cmbase.sym
File: cmbase.sym 2007/12/19 v0.92
LaTeX Info: Redefining \hbar on input line 324.
LaTeX Info: Redefining \surd on input line 326.
LaTeX Info: Redefining \angle on input line 334.
LaTeX Info: Redefining \neq on input line 335.
LaTeX Info: Redefining \mapsto on input line 336.
LaTeX Info: Redefining \cong on input line 337.
LaTeX Info: Redefining \notin on input line 340.
LaTeX Info: Redefining \rightleftharpoons on input line 341.
LaTeX Info: Redefining \doteq on input line 342.
LaTeX Info: Redefining \hookrightarrow on input line 343.
LaTeX Info: Redefining \hookleftarrow on input line 344.
LaTeX Info: Redefining \bowtie on input line 345.
LaTeX Info: Redefining \models on input line 346.
LaTeX Info: Redefining \Longrightarrow on input line 347.
LaTeX Info: Redefining \longrightarrow on input line 348.
LaTeX Info: Redefining \Longleftarrow on input line 349.
LaTeX Info: Redefining \longleftarrow on input line 350.
LaTeX Info: Redefining \longmapsto on input line 351.
LaTeX Info: Redefining \longleftrightarrow on input line 352.
LaTeX Info: Redefining \Longleftrightarrow on input line 353.
LaTeX Info: Redefining \cdots on input line 357.
LaTeX Info: Redefining \vdots on input line 360.
LaTeX Info: Redefining \ddots on input line 365.
)
(/usr/local/texlive/2015/texmf-dist/tex/latex/breqn/mathstyle.sty
Package: mathstyle 2014/06/10 v0.90a Tracking mathstyle implicitly
LaTeX Info: Redefining \displaystyle on input line 82.
LaTeX Info: Redefining \textstyle on input line 84.
LaTeX Info: Redefining \scriptstyle on input line 86.
LaTeX Info: Redefining \scriptscriptstyle on input line 88.
LaTeX Info: Redefining \genfrac on input line 122.
))
\inf@bad=\count142
\maxint=\count143
\listwidth=\dimen163
\eqnumsep=\dimen164
\eqmargin=\dimen165
\eqlinespacing=\skip66
\eqlineskip=\skip67
\eqlineskiplimit=\dimen166
\eqbinoffset=\muskip17
\eqdelimoffset=\muskip18
\eqindentstep=\dimen167
\eqstyle=\toks28
\eqbreakdepth=\count144
\eqinterlinepenalty=\count145
\intereqpenalty=\count146
\intereqskip=\skip68
\prerelpenalty=\count147
\prebinoppenalty=\count148
\Dmedmuskip=\muskip19
\Dthickmuskip=\muskip20
\eqleftskip=\skip69
\eqrightskip=\skip70
\eq@vspan=\skip71
\eq@binoffset=\muskip21
\EQ@box=\box44
\EQ@copy=\box45
\EQ@numbox=\box46
\eq@wdNum=\dimen168
\GRP@numbox=\box47
\grp@wdNum=\dimen169
\eq@lines=\count149
\eq@curline=\count150
\eq@badness=\count151
\EQ@vims=\count152
\eq@dp=\dimen170
\eq@wdL=\dimen171
\eq@wdT=\dimen172
\eq@wdMin=\dimen173
\grp@wdL=\dimen174
\grp@wdR=\dimen175
\grp@wdT=\dimen176
\eq@wdRmax=\dimen177
\eq@firstht=\dimen178
\eq@wdCond=\dimen179
\eq@indentstep=\dimen180
\eq@linewidth=\dimen181
\grp@linewidth=\dimen182
\eq@hshift=\dimen183
\eq@given@sidespace=\dimen184
\mathindent=\dimen185
\eq@final@linecount=\count153
\eq@wdR=\dimen186
\EQ@continue=\toks29
\lr@level=\count154
\GRP@queue=\toks30
\GRP@box=\box48
\GRP@wholebox=\box49
\darraycolsep=\skip72
\cur@row=\count155
\cur@col=\count156
\conditionsep=\skip73
)
(/usr/local/texlive/2015/texmf-dist/tex/latex/algorithms/algorithm.sty
Package: algorithm 2009/08/24 v0.1 Document Style `algorithm' - floating enviro
nment

(/usr/local/texlive/2015/texmf-dist/tex/latex/float/float.sty
Package: float 2001/11/08 v1.3d Float enhancements (AL)
\c@float@type=\count157
\float@exts=\toks31
\float@box=\box50
\@float@everytoks=\toks32
\@floatcapt=\box51
)
(/usr/local/texlive/2015/texmf-dist/tex/latex/base/ifthen.sty
Package: ifthen 2014/09/29 v1.1c Standard LaTeX ifthen package (DPC)
)
\@float@every@algorithm=\toks33
\c@algorithm=\count158
)
(/usr/local/texlive/2015/texmf-dist/tex/latex/algorithmicx/algpseudocode.sty
Package: algpseudocode 

(/usr/local/texlive/2015/texmf-dist/tex/latex/algorithmicx/algorithmicx.sty
Package: algorithmicx 2005/04/27 v1.2 Algorithmicx

Document Style algorithmicx 1.2 - a greatly improved `algorithmic' style
\c@ALG@line=\count159
\c@ALG@rem=\count160
\c@ALG@nested=\count161
\ALG@tlm=\skip74
\ALG@thistlm=\skip75
\c@ALG@Lnr=\count162
\c@ALG@blocknr=\count163
\c@ALG@storecount=\count164
\c@ALG@tmpcounter=\count165
\ALG@tmplength=\skip76
)
Document Style - pseudocode environments for use with the `algorithmicx' style
) (/usr/local/texlive/2015/texmf-dist/tex/latex/tools/bm.sty
Package: bm 2014/10/28 v1.1c Bold Symbol Support (DPC/FMi)
\symboldoperators=\mathgroup6
\symboldletters=\mathgroup7
\symboldsymbols=\mathgroup8
LaTeX Font Info:    Redeclaring math alphabet \mathbf on input line 141.
LaTeX Info: Redefining \bm on input line 207.
)
(/usr/local/texlive/2015/texmf-dist/tex/latex/was/upgreek.sty
Package: upgreek 2003/02/12 v2.0 (WaS)
Package upgreek Info: Using Euler Roman for upright Greek on input line 31.
\symugrf@m=\mathgroup9
LaTeX Font Info:    Overwriting symbol font `ugrf@m' in version `bold'
(Font)                  U/eur/m/n --> U/eur/b/n on input line 38.
)
(/usr/local/texlive/2015/texmf-dist/tex/latex/url/url.sty
\Urlmuskip=\muskip22
Package: url 2013/09/16  ver 3.4  Verb mode for urls, etc.
)
(/usr/local/texlive/2015/texmf-dist/tex/latex/soul/soul.sty
Package: soul 2003/11/17 v2.4 letterspacing/underlining (mf)
\SOUL@word=\toks34
\SOUL@lasttoken=\toks35
\SOUL@cmds=\toks36
\SOUL@buffer=\toks37
\SOUL@token=\toks38
\SOUL@spaceskip=\skip77
\SOUL@ttwidth=\dimen187
\SOUL@uldp=\dimen188
\SOUL@ulht=\dimen189
)
(/usr/local/texlive/2015/texmf-dist/tex/latex/hyperref/hyperref.sty
Package: hyperref 2012/11/06 v6.83m Hypertext links for LaTeX

(/usr/local/texlive/2015/texmf-dist/tex/generic/oberdiek/hobsub-hyperref.sty
Package: hobsub-hyperref 2012/05/28 v1.13 Bundle oberdiek, subset hyperref (HO)


(/usr/local/texlive/2015/texmf-dist/tex/generic/oberdiek/hobsub-generic.sty
Package: hobsub-generic 2012/05/28 v1.13 Bundle oberdiek, subset generic (HO)
Package: hobsub 2012/05/28 v1.13 Construct package bundles (HO)
Package hobsub Info: Skipping package `infwarerr' (already loaded).
Package hobsub Info: Skipping package `ltxcmds' (already loaded).
Package: ifluatex 2010/03/01 v1.3 Provides the ifluatex switch (HO)
Package ifluatex Info: LuaTeX not detected.
Package: ifvtex 2010/03/01 v1.5 Detect VTeX and its facilities (HO)
Package ifvtex Info: VTeX not detected.
Package: intcalc 2007/09/27 v1.1 Expandable calculations with integers (HO)
Package: ifpdf 2011/01/30 v2.3 Provides the ifpdf switch (HO)
Package ifpdf Info: pdfTeX in PDF mode is detected.
Package: etexcmds 2011/02/16 v1.5 Avoid name clashes with e-TeX commands (HO)
Package etexcmds Info: Could not find \expanded.
(etexcmds)             That can mean that you are not using pdfTeX 1.50 or
(etexcmds)             that some package has redefined \expanded.
(etexcmds)             In the latter case, load this package earlier.
Package: kvsetkeys 2012/04/25 v1.16 Key value parser (HO)
Package: kvdefinekeys 2011/04/07 v1.3 Define keys (HO)
Package: pdftexcmds 2011/11/29 v0.20 Utility functions of pdfTeX for LuaTeX (HO
)
Package pdftexcmds Info: LuaTeX not detected.
Package pdftexcmds Info: \pdf@primitive is available.
Package pdftexcmds Info: \pdf@ifprimitive is available.
Package pdftexcmds Info: \pdfdraftmode found.
Package: pdfescape 2011/11/25 v1.13 Implements pdfTeX's escape features (HO)
Package: bigintcalc 2012/04/08 v1.3 Expandable calculations on big integers (HO
)
Package: bitset 2011/01/30 v1.1 Handle bit-vector datatype (HO)
Package: uniquecounter 2011/01/30 v1.2 Provide unlimited unique counter (HO)
)
Package hobsub Info: Skipping package `hobsub' (already loaded).
Package: letltxmacro 2010/09/02 v1.4 Let assignment for LaTeX macros (HO)
Package: hopatch 2012/05/28 v1.2 Wrapper for package hooks (HO)
Package: xcolor-patch 2011/01/30 xcolor patch
Package: atveryend 2011/06/30 v1.8 Hooks at the very end of document (HO)
Package atveryend Info: \enddocument detected (standard20110627).
Package: atbegshi 2011/10/05 v1.16 At begin shipout hook (HO)
Package: refcount 2011/10/16 v3.4 Data extraction from label references (HO)
Package: hycolor 2011/01/30 v1.7 Color options for hyperref/bookmark (HO)
)
(/usr/local/texlive/2015/texmf-dist/tex/generic/ifxetex/ifxetex.sty
Package: ifxetex 2010/09/12 v0.6 Provides ifxetex conditional
)
(/usr/local/texlive/2015/texmf-dist/tex/latex/oberdiek/auxhook.sty
Package: auxhook 2011/03/04 v1.3 Hooks for auxiliary files (HO)
)
(/usr/local/texlive/2015/texmf-dist/tex/latex/oberdiek/kvoptions.sty
Package: kvoptions 2011/06/30 v3.11 Key value format for package options (HO)
)
\@linkdim=\dimen190
\Hy@linkcounter=\count166
\Hy@pagecounter=\count167

(/usr/local/texlive/2015/texmf-dist/tex/latex/hyperref/pd1enc.def
File: pd1enc.def 2012/11/06 v6.83m Hyperref: PDFDocEncoding definition (HO)
)
\Hy@SavedSpaceFactor=\count168

(/usr/local/texlive/2015/texmf-dist/tex/latex/latexconfig/hyperref.cfg
File: hyperref.cfg 2002/06/06 v1.2 hyperref configuration of TeXLive
)
Package hyperref Info: Hyper figures OFF on input line 4443.
Package hyperref Info: Link nesting OFF on input line 4448.
Package hyperref Info: Hyper index ON on input line 4451.
Package hyperref Info: Plain pages OFF on input line 4458.
Package hyperref Info: Backreferencing OFF on input line 4463.
Package hyperref Info: Implicit mode ON; LaTeX internals redefined.
Package hyperref Info: Bookmarks ON on input line 4688.
\c@Hy@tempcnt=\count169
LaTeX Info: Redefining \url on input line 5041.
\XeTeXLinkMargin=\dimen191
\Fld@menulength=\count170
\Field@Width=\dimen192
\Fld@charsize=\dimen193
Package hyperref Info: Hyper figures OFF on input line 6295.
Package hyperref Info: Link nesting OFF on input line 6300.
Package hyperref Info: Hyper index ON on input line 6303.
Package hyperref Info: backreferencing OFF on input line 6310.
Package hyperref Info: Link coloring OFF on input line 6315.
Package hyperref Info: Link coloring with OCG OFF on input line 6320.
Package hyperref Info: PDF/A mode OFF on input line 6325.
LaTeX Info: Redefining \ref on input line 6365.
LaTeX Info: Redefining \pageref on input line 6369.
\Hy@abspage=\count171
\c@Item=\count172
\c@Hfootnote=\count173
)

Package hyperref Message: Driver (autodetected): hpdftex.

(/usr/local/texlive/2015/texmf-dist/tex/latex/hyperref/hpdftex.def
File: hpdftex.def 2012/11/06 v6.83m Hyperref driver for pdfTeX
\Fld@listcount=\count174
\c@bookmark@seq@number=\count175

(/usr/local/texlive/2015/texmf-dist/tex/latex/oberdiek/rerunfilecheck.sty
Package: rerunfilecheck 2011/04/15 v1.7 Rerun checks for auxiliary files (HO)
Package uniquecounter Info: New unique counter `rerunfilecheck' on input line 2
82.
)
\Hy@SectionHShift=\skip78
)
Package hyperref Info: Option `colorlinks' set `true' on input line 43.

(/usr/local/texlive/2015/texmf-dist/tex/latex/natbib/natbib.sty
Package: natbib 2010/09/13 8.31b (PWD, AO)
\bibhang=\skip79
\bibsep=\skip80
LaTeX Info: Redefining \cite on input line 694.
\c@NAT@ctr=\count176
)
(/usr/local/texlive/2015/texmf-dist/tex/latex/mathtools/mathtools.sty
Package: mathtools 2015/05/11 v1.16 mathematical typesetting tools

(/usr/local/texlive/2015/texmf-dist/tex/latex/mathtools/mhsetup.sty
Package: mhsetup 2010/01/21 v1.2a programming setup (MH)
)
LaTeX Info: Thecontrolsequence`\('isalreadyrobust on input line 129.
LaTeX Info: Thecontrolsequence`\)'isalreadyrobust on input line 129.
LaTeX Info: Thecontrolsequence`\['isalreadyrobust on input line 129.
LaTeX Info: Thecontrolsequence`\]'isalreadyrobust on input line 129.
\g_MT_multlinerow_int=\count177
\l_MT_multwidth_dim=\dimen194
\origjot=\skip81
\l_MT_shortvdotswithinadjustabove_dim=\dimen195
\l_MT_shortvdotswithinadjustbelow_dim=\dimen196
\l_MT_above_intertext_sep=\dimen197
\l_MT_below_intertext_sep=\dimen198
\l_MT_above_shortintertext_sep=\dimen199
\l_MT_below_shortintertext_sep=\dimen200
)
(/usr/local/texlive/2015/texmf-dist/tex/latex/wrapfig/wrapfig.sty
\wrapoverhang=\dimen201
\WF@size=\dimen202
\c@WF@wrappedlines=\count178
\WF@box=\box52
\WF@everypar=\toks39
Package: wrapfig 2003/01/31  v 3.6
)
LaTeX Info: Redefining \atan2 on input line 147.
LaTeX Info: Redefining \argmax2 on input line 148.
\c@theorem=\count179

(./SwarmControlIJRR.aux)
\openout1 = `SwarmControlIJRR.aux'.

LaTeX Font Info:    Checking defaults for OML/cmm/m/it on input line 157.
LaTeX Font Info:    ... okay on input line 157.
LaTeX Font Info:    Checking defaults for T1/cmr/m/n on input line 157.
LaTeX Font Info:    ... okay on input line 157.
LaTeX Font Info:    Checking defaults for OT1/cmr/m/n on input line 157.
LaTeX Font Info:    ... okay on input line 157.
LaTeX Font Info:    Checking defaults for OMS/cmsy/m/n on input line 157.
LaTeX Font Info:    ... okay on input line 157.
LaTeX Font Info:    Checking defaults for OMX/cmex/m/n on input line 157.
LaTeX Font Info:    ... okay on input line 157.
LaTeX Font Info:    Checking defaults for U/cmr/m/n on input line 157.
LaTeX Font Info:    ... okay on input line 157.
LaTeX Font Info:    Checking defaults for PD1/pdf/m/n on input line 157.
LaTeX Font Info:    ... okay on input line 157.

(/usr/local/texlive/2015/texmf-dist/tex/context/base/supp-pdf.mkii
[Loading MPS to PDF converter (version 2006.09.02).]
\scratchcounter=\count180
\scratchdimen=\dimen203
\scratchbox=\box53
\nofMPsegments=\count181
\nofMParguments=\count182
\everyMPshowfont=\toks40
\MPscratchCnt=\count183
\MPscratchDim=\dimen204
\MPnumerator=\count184
\makeMPintoPDFobject=\count185
\everyMPtoPDFconversion=\toks41
) (/usr/local/texlive/2015/texmf-dist/tex/latex/oberdiek/epstopdf-base.sty
Package: epstopdf-base 2010/02/09 v2.5 Base part for package epstopdf

(/usr/local/texlive/2015/texmf-dist/tex/latex/oberdiek/grfext.sty
Package: grfext 2010/08/19 v1.1 Manage graphics extensions (HO)
)
Package grfext Info: Graphics extension search list:
(grfext)             [.png,.pdf,.jpg,.mps,.jpeg,.jbig2,.jb2,.PNG,.PDF,.JPG,.JPE
G,.JBIG2,.JB2,.eps]
(grfext)             \AppendGraphicsExtensions on input line 452.

(/usr/local/texlive/2015/texmf-dist/tex/latex/latexconfig/epstopdf-sys.cfg
File: epstopdf-sys.cfg 2010/07/13 v1.3 Configuration of (r)epstopdf for TeX Liv
e
))
Package caption Info: Begin \AtBeginDocument code.
Package caption Info: subfig package v1.3 is loaded.
Package caption Info: float package is loaded.
Package caption Info: hyperref package is loaded.
Package caption Info: wrapfig package is loaded.
Package caption Info: End \AtBeginDocument code.
\AtBeginShipoutBox=\box54
Package hyperref Info: Link coloring ON on input line 157.

(/usr/local/texlive/2015/texmf-dist/tex/latex/hyperref/nameref.sty
Package: nameref 2012/10/27 v2.43 Cross-referencing by name of section

(/usr/local/texlive/2015/texmf-dist/tex/generic/oberdiek/gettitlestring.sty
Package: gettitlestring 2010/12/03 v1.4 Cleanup title references (HO)
)
\c@section@level=\count186
)
LaTeX Info: Redefining \ref on input line 157.
LaTeX Info: Redefining \pageref on input line 157.
LaTeX Info: Redefining \nameref on input line 157.

(./SwarmControlIJRR.out) (./SwarmControlIJRR.out)
\@outlinefile=\write3
\openout3 = `SwarmControlIJRR.out'.

 (./SwarmControlIJRR.toc
LaTeX Font Info:    Try loading font information for U+msa on input line 3.

(/usr/local/texlive/2015/texmf-dist/tex/latex/amsfonts/umsa.fd
File: umsa.fd 2013/01/14 v3.01 AMS symbols A
)
LaTeX Font Info:    Try loading font information for U+msb on input line 3.

(/usr/local/texlive/2015/texmf-dist/tex/latex/amsfonts/umsb.fd
File: umsb.fd 2013/01/14 v3.01 AMS symbols B
))
\tf@toc=\write4
\openout4 = `SwarmControlIJRR.toc'.

 [1

{/usr/local/texlive/2015/texmf-var/fonts/map/pdftex/updmap/pdftex.map}]
LaTeX Font Info:    Try loading font information for OMS+cmr on input line 177.


(/usr/local/texlive/2015/texmf-dist/tex/latex/base/omscmr.fd
File: omscmr.fd 2014/09/29 v2.5h Standard LaTeX font definitions
)
LaTeX Font Info:    Font shape `OMS/cmr/m/n' in size <8> not available
(Font)              Font shape `OMS/cmsy/m/n' tried instead on input line 177.
LaTeX Font Info:    Font shape `OMS/cmr/m/n' in size <6> not available
(Font)              Font shape `OMS/cmsy/m/n' tried instead on input line 177.

Overfull \hbox (2.50073pt too wide) in paragraph at lines 178--179
\OT1/cmr/m/n/10 ap-pli-ca-tions in-clud-ing tar-geted ma-te-rial de-liv-ery, as
-sem-bly, and surgery.
 []

(./Introduction.tex [2]
<./pictures/pdf/VaryNum.pdf, id=168, 543.02875pt x 543.02875pt>
File: ./pictures/pdf/VaryNum.pdf Graphic file (type pdf)

<use ./pictures/pdf/VaryNum.pdf>
Package pdftex.def Info: ./pictures/pdf/VaryNum.pdf used on input line 17.
(pdftex.def)             Requested size: 115.20264pt x 115.19943pt.

<./pictures/pdf/VaryVisCH.pdf, id=169, 541.02126pt x 542.025pt>
File: ./pictures/pdf/VaryVisCH.pdf Graphic file (type pdf)

<use ./pictures/pdf/VaryVisCH.pdf>
Package pdftex.def Info: ./pictures/pdf/VaryVisCH.pdf used on input line 21.
(pdftex.def)             Requested size: 115.20264pt x 115.41656pt.

<./pictures/pdf/VaryNoise.pdf, id=170, 659.46375pt x 662.475pt>
File: ./pictures/pdf/VaryNoise.pdf Graphic file (type pdf)

<use ./pictures/pdf/VaryNoise.pdf>
Package pdftex.def Info: ./pictures/pdf/VaryNoise.pdf used on input line 24.
(pdftex.def)             Requested size: 115.20264pt x 115.72258pt.

<./pictures/pdf/ControlPos.pdf, id=171, 661.47125pt x 662.475pt>
File: ./pictures/pdf/ControlPos.pdf Graphic file (type pdf)

<use ./pictures/pdf/ControlPos.pdf>
Package pdftex.def Info: ./pictures/pdf/ControlPos.pdf used on input line 27.
(pdftex.def)             Requested size: 115.20264pt x 115.36877pt.

<./pictures/pdf/VaryControl.pdf, id=172, 499.8675pt x 498.86375pt>
File: ./pictures/pdf/VaryControl.pdf Graphic file (type pdf)

<use ./pictures/pdf/VaryControl.pdf>
Package pdftex.def Info: ./pictures/pdf/VaryControl.pdf used on input line 30.
(pdftex.def)             Requested size: 115.20264pt x 114.97221pt.

<./pictures/pdf/VaryForage.pdf, id=173, 610.95213pt x 613.71796pt>
File: ./pictures/pdf/VaryForage.pdf Graphic file (type pdf)

<use ./pictures/pdf/VaryForage.pdf>
Package pdftex.def Info: ./pictures/pdf/VaryForage.pdf used on input line 33.
(pdftex.def)             Requested size: 115.20264pt x 115.71799pt.
 [3] [4 <./pictures/pdf/VaryNum.pdf> <./pictures/pdf/VaryVisCH.pdf> <./pictures
/pdf/VaryNoise.pdf> <./pictures/pdf/ControlPos.pdf> <./pictures/pdf/VaryControl
.pdf> <./pictures/pdf/VaryForage.pdf>]
<./pictures/pdf/CompleteMazeDescription.pdf, id=268, 469.0323pt x 469.0323pt>
File: ./pictures/pdf/CompleteMazeDescription.pdf Graphic file (type pdf)

<use ./pictures/pdf/CompleteMazeDescription.pdf>
Package pdftex.def Info: ./pictures/pdf/CompleteMazeDescription.pdf used on inp
ut line 60.
(pdftex.def)             Requested size: 180.0pt x 180.00186pt.

<./pictures/pdf/MainExpFig.pdf, id=269, 505.89pt x 578.16pt>
File: ./pictures/pdf/MainExpFig.pdf Graphic file (type pdf)

<use ./pictures/pdf/MainExpFig.pdf>
Package pdftex.def Info: ./pictures/pdf/MainExpFig.pdf used on input line 61.
(pdftex.def)             Requested size: 157.68127pt x 180.20699pt.
LaTeX Font Info:    Font shape `OMS/cmr/m/n' in size <10.95> not available
(Font)              Font shape `OMS/cmsy/m/n' tried instead on input line 70.
) (./relatedWork.tex [5 <./pictures/pdf/CompleteMazeDescription.pdf> <./picture
s/pdf/MainExpFig.pdf>]
Overfull \hbox (0.17992pt too wide) in paragraph at lines 81--84
 []\OT1/cmr/bx/n/10.95 Control---global in-puts:[] \OT1/cmr/m/n/10.95 Many micr
o- and nanorobotic sys-tems, see [][]Tot-
 []


Overfull \hbox (8.00089pt too wide) in paragraph at lines 86--87
 []\OT1/cmr/bx/n/10.95 Sensing---large pop-u-la-tions:[] \OT1/cmr/m/n/10.95 Par
-al-lel con-trol of $\OML/cmm/m/it/10.95 n$ \OT1/cmr/m/n/10.95 differential-dri
ve robots
 []

[6] [7]) (./expMethods.tex [8]
<./pictures/pdf/timePlayed.pdf, id=562, 397.485pt x 284.06125pt>
File: ./pictures/pdf/timePlayed.pdf Graphic file (type pdf)

<use ./pictures/pdf/timePlayed.pdf>
Package pdftex.def Info: ./pictures/pdf/timePlayed.pdf used on input line 80.
(pdftex.def)             Requested size: 180.0pt x 128.64124pt.
) (./expResults.tex
Underfull \hbox (badness 1577) in paragraph at lines 6--8
\OT1/cmr/m/n/10.95 robotic swarms for ma-nip-u-la-tion
 []

<./pictures/pdf/ResVaryNum.pdf, id=564, 361.35pt x 230.8625pt>
File: ./pictures/pdf/ResVaryNum.pdf Graphic file (type pdf)

<use ./pictures/pdf/ResVaryNum.pdf>
Package pdftex.def Info: ./pictures/pdf/ResVaryNum.pdf used on input line 12.
(pdftex.def)             Requested size: 180.0pt x 115.00119pt.

<./pictures/pdf/measureLearning.pdf, id=565, 361.35pt x 240.79561pt>
File: ./pictures/pdf/measureLearning.pdf Graphic file (type pdf)

<use ./pictures/pdf/measureLearning.pdf>
Package pdftex.def Info: ./pictures/pdf/measureLearning.pdf used on input line 
13.
(pdftex.def)             Requested size: 172.79846pt x 115.15068pt.

<./pictures/pdf/VaryVisFS.pdf, id=567, 541.02126pt x 542.025pt>
File: ./pictures/pdf/VaryVisFS.pdf Graphic file (type pdf)

<use ./pictures/pdf/VaryVisFS.pdf>
Package pdftex.def Info: ./pictures/pdf/VaryVisFS.pdf used on input line 29.
(pdftex.def)             Requested size: 86.40198pt x 86.56035pt.
File: ./pictures/pdf/VaryVisCH.pdf Graphic file (type pdf)
 <use ./pictures/pdf/VaryVisCH.pdf>
Package pdftex.def Info: ./pictures/pdf/VaryVisCH.pdf used on input line 30.
(pdftex.def)             Requested size: 86.40198pt x 86.56035pt.

<./pictures/pdf/VaryVisMV.pdf, id=568, 542.025pt x 542.025pt>
File: ./pictures/pdf/VaryVisMV.pdf Graphic file (type pdf)

<use ./pictures/pdf/VaryVisMV.pdf>
Package pdftex.def Info: ./pictures/pdf/VaryVisMV.pdf used on input line 31.
(pdftex.def)             Requested size: 86.40198pt x 86.39494pt.

<./pictures/pdf/VaryVisMe.pdf, id=569, 543.02875pt x 542.025pt>
File: ./pictures/pdf/VaryVisMe.pdf Graphic file (type pdf)

<use ./pictures/pdf/VaryVisMe.pdf>
Package pdftex.def Info: ./pictures/pdf/VaryVisMe.pdf used on input line 32.
(pdftex.def)             Requested size: 86.40198pt x 86.2378pt.

<./pictures/pdf/ResVaryVis.pdf, id=570, 361.35pt x 203.76125pt>
File: ./pictures/pdf/ResVaryVis.pdf Graphic file (type pdf)

<use ./pictures/pdf/ResVaryVis.pdf>
Package pdftex.def Info: ./pictures/pdf/ResVaryVis.pdf used on input line 42.
(pdftex.def)             Requested size: 180.0pt x 101.50105pt.
 [9 <./pictures/pdf/timePlayed.pdf>]
Underfull \hbox (badness 3792) in paragraph at lines 50--51
[] []\OT1/cmr/bx/n/10.95 Varying vi-su-al-iza-tion[] \OT1/cmr/m/n/10.95 Sens-in
g
 []


Underfull \hbox (badness 4144) in paragraph at lines 50--51
\OT1/cmr/m/n/10.95 is ex-pen-sive, es-pe-cially on the
 []


Underfull \hbox (badness 1348) in paragraph at lines 50--51
\OT1/cmr/m/n/10.95 stroy these molecules, a pro-cess
 []

[10 <./pictures/pdf/ResVaryNum.pdf> <./pictures/pdf/measureLearning.pdf> <./pic
tures/pdf/ResVaryVis.pdf

pdfTeX warning: /Library/TeX/texbin/pdflatex (file ./pictures/pdf/ResVaryVis.pd
f): PDF inclusion: multiple pdfs with page group included in a single page
> <./pictures/pdf/VaryVisFS.pdf> <./pictures/pdf/VaryVisMV.pdf> <./pictures/pdf
/VaryVisMe.pdf>]
Overfull \hbox (11.68549pt too wide) in paragraph at lines 86--87
 []\OT1/cmr/bx/n/10.95 Varying noise[] \OT1/cmr/m/n/10.95 Micro-robots are af-f
ected by ran-dom col-li-sions with molecules.
 []

<./pictures/pdf/ResVaryNoise.pdf, id=693, 361.35pt x 236.885pt>
File: ./pictures/pdf/ResVaryNoise.pdf Graphic file (type pdf)

<use ./pictures/pdf/ResVaryNoise.pdf>
Package pdftex.def Info: ./pictures/pdf/ResVaryNoise.pdf used on input line 99.

(pdftex.def)             Requested size: 180.0pt x 118.00122pt.

<./pictures/pdf/ResPositioning.pdf, id=694, 361.35pt x 237.88875pt>
File: ./pictures/pdf/ResPositioning.pdf Graphic file (type pdf)

<use ./pictures/pdf/ResPositioning.pdf>
Package pdftex.def Info: ./pictures/pdf/ResPositioning.pdf used on input line 1
00.
(pdftex.def)             Requested size: 180.0pt x 118.50122pt.

Overfull \hbox (2.4309pt too wide) in paragraph at lines 99--104
[][] []
 []

[11] [12 <./pictures/pdf/ResVaryNoise.pdf> <./pictures/pdf/ResPositioning.pdf

pdfTeX warning: /Library/TeX/texbin/pdflatex (file ./pictures/pdf/ResPositionin
g.pdf): PDF inclusion: multiple pdfs with page group included in a single page
>] <./pictures/pdf/ResVaryControl.pdf, id=757, 361.35pt x 208.78pt>
File: ./pictures/pdf/ResVaryControl.pdf Graphic file (type pdf)

<use ./pictures/pdf/ResVaryControl.pdf>
Package pdftex.def Info: ./pictures/pdf/ResVaryControl.pdf used on input line 1
38.
(pdftex.def)             Requested size: 162.51225pt x 93.89418pt.

<./pictures/pdf/ResVaryForage.pdf, id=758, 361.35pt x 211.79124pt>
File: ./pictures/pdf/ResVaryForage.pdf Graphic file (type pdf)

<use ./pictures/pdf/ResVaryForage.pdf>
Package pdftex.def Info: ./pictures/pdf/ResVaryForage.pdf used on input line 13
9.
(pdftex.def)             Requested size: 160.19649pt x 93.89418pt.
) (./theory.tex [13 <./pictures/pdf/ResVaryControl.pdf> <./pictures/pdf/ResVary
Forage.pdf

pdfTeX warning: /Library/TeX/texbin/pdflatex (file ./pictures/pdf/ResVaryForage
.pdf): PDF inclusion: multiple pdfs with page group included in a single page
>] [14] [15] [16] [17]
Package hyperref Info: bookmark level for unknown algorithm defaults to 0 on in
put line 310.

<./pictures/pdf/hysteresis.pdf, id=870, 614.295pt x 289.08pt>
File: ./pictures/pdf/hysteresis.pdf Graphic file (type pdf)

<use ./pictures/pdf/hysteresis.pdf>
Package pdftex.def Info: ./pictures/pdf/hysteresis.pdf used on input line 341.
(pdftex.def)             Requested size: 180.0pt x 84.70442pt.

<./pictures/pdf/VarianceMinMaxBand2v2.pdf, id=871, 361.35pt x 166.6225pt>
File: ./pictures/pdf/VarianceMinMaxBand2v2.pdf Graphic file (type pdf)

<use ./pictures/pdf/VarianceMinMaxBand2v2.pdf>
Package pdftex.def Info: ./pictures/pdf/VarianceMinMaxBand2v2.pdf used on input
 line 344.
(pdftex.def)             Requested size: 161.9989pt x 74.69975pt.
) (./simulation.tex [18]
Package epstopdf Info: Source file: <./pictures/pdf/gains.eps>
(epstopdf)                    date: 2016-08-05 09:35:43
(epstopdf)                    size: 47024 bytes
(epstopdf)             Output file: <./pictures/pdf/gains-eps-converted-to.pdf>

(epstopdf)                    date: 2016-08-05 09:35:43
(epstopdf)                    size: 28618 bytes
(epstopdf)             Command: <repstopdf --outfile=./pictures/pdf/gains-eps-c
onverted-to.pdf ./pictures/pdf/gains.eps>
(epstopdf)             \includegraphics on input line 15.
Package epstopdf Info: Output file is already uptodate.

<./pictures/pdf/gains-eps-converted-to.pdf, id=891, 736.93709pt x 536.18488pt>
File: ./pictures/pdf/gains-eps-converted-to.pdf Graphic file (type pdf)

<use ./pictures/pdf/gains-eps-converted-to.pdf>
Package pdftex.def Info: ./pictures/pdf/gains-eps-converted-to.pdf used on inpu
t line 15.
(pdftex.def)             Requested size: 251.9989pt x 183.34767pt.
Package epstopdf Info: Source file: <./pictures/pdf/brownianWpublish.eps>
(epstopdf)                    date: 2016-08-05 09:35:43
(epstopdf)                    size: 44367 bytes
(epstopdf)             Output file: <./pictures/pdf/brownianWpublish-eps-conver
ted-to.pdf>
(epstopdf)                    date: 2016-08-05 09:35:43
(epstopdf)                    size: 44289 bytes
(epstopdf)             Command: <repstopdf --outfile=./pictures/pdf/brownianWpu
blish-eps-converted-to.pdf ./pictures/pdf/brownianWpublish.eps>
(epstopdf)             \includegraphics on input line 39.
Package epstopdf Info: Output file is already uptodate.

<./pictures/pdf/brownianWpublish-eps-converted-to.pdf, id=894, 788.16693pt x 26
5.41199pt>
File: ./pictures/pdf/brownianWpublish-eps-converted-to.pdf Graphic file (type p
df)
 <use ./pictures/pdf/brownianWpublish-eps-converted-to.pdf>
Package pdftex.def Info: ./pictures/pdf/brownianWpublish-eps-converted-to.pdf u
sed on input line 39.
(pdftex.def)             Requested size: 251.9989pt x 84.85661pt.
Package epstopdf Info: Source file: <./pictures/pdf/meanVariance4.eps>
(epstopdf)                    date: 2016-08-05 09:35:43
(epstopdf)                    size: 38657 bytes
(epstopdf)             Output file: <./pictures/pdf/meanVariance4-eps-converted
-to.pdf>
(epstopdf)                    date: 2016-08-05 09:35:43
(epstopdf)                    size: 29005 bytes
(epstopdf)             Command: <repstopdf --outfile=./pictures/pdf/meanVarianc
e4-eps-converted-to.pdf ./pictures/pdf/meanVariance4.eps>
(epstopdf)             \includegraphics on input line 63.
Package epstopdf Info: Output file is already uptodate.

<./pictures/pdf/meanVariance4-eps-converted-to.pdf, id=899, 782.377pt x 534.549
8pt>
File: ./pictures/pdf/meanVariance4-eps-converted-to.pdf Graphic file (type pdf)

 <use ./pictures/pdf/meanVariance4-eps-converted-to.pdf>
Package pdftex.def Info: ./pictures/pdf/meanVariance4-eps-converted-to.pdf used
 on input line 63.
(pdftex.def)             Requested size: 251.9989pt x 172.16872pt.
) (./experiment.tex [19 <./pictures/pdf/hysteresis.pdf> <./pictures/pdf/Varianc
eMinMaxBand2v2.pdf>] [20 <./pictures/pdf/gains-eps-converted-to.pdf> <./picture
s/pdf/brownianWpublish-eps-converted-to.pdf> <./pictures/pdf/meanVariance4-eps-
converted-to.pdf>]
[21] <./pictures/pdf/GradientView.png, id=1077, 603.75563pt x 603.25375pt>
File: ./pictures/pdf/GradientView.png Graphic file (type png)

<use ./pictures/pdf/GradientView.png>
Package pdftex.def Info: ./pictures/pdf/GradientView.png used on input line 51.

(pdftex.def)             Requested size: 114.71475pt x 114.6194pt.

<./pictures/pdf/PolicyIter.png, id=1079, 602.25pt x 601.24625pt>
File: ./pictures/pdf/PolicyIter.png Graphic file (type png)

<use ./pictures/pdf/PolicyIter.png>
Package pdftex.def Info: ./pictures/pdf/PolicyIter.png used on input line 53.
(pdftex.def)             Requested size: 114.42868pt x 114.23796pt.

<./pictures/pdf/MDPmap.pdf, id=1080, 336.69247pt x 436.30208pt>
File: ./pictures/pdf/MDPmap.pdf Graphic file (type pdf)

<use ./pictures/pdf/MDPmap.pdf>
Package pdftex.def Info: ./pictures/pdf/MDPmap.pdf used on input line 55.
(pdftex.def)             Requested size: 88.21098pt x 114.30798pt.
 [22 <./pictures/pdf/GradientView.png> <./pictures/pdf/PolicyIter.png> <./pictu
res/pdf/MDPmap.pdf>]
<./pictures/pdf/PotentialField.pdf, id=1106, 1734.48pt x 578.16pt>
File: ./pictures/pdf/PotentialField.pdf Graphic file (type pdf)

<use ./pictures/pdf/PotentialField.pdf>
Package pdftex.def Info: ./pictures/pdf/PotentialField.pdf used on input line 9
1.
(pdftex.def)             Requested size: 360.0pt x 119.99684pt.
 [23 <./pictures/pdf/PotentialField.pdf>] <./pictures/pdf/stateMachine.pdf, id=
1144, 332.24126pt x 122.4575pt>
File: ./pictures/pdf/stateMachine.pdf Graphic file (type pdf)

<use ./pictures/pdf/stateMachine.pdf>
Package pdftex.def Info: ./pictures/pdf/stateMachine.pdf used on input line 113
.
(pdftex.def)             Requested size: 216.0022pt x 79.6151pt.

<./pictures/pdf/mainRegions.pdf, id=1145, 498.663pt x 455.30101pt>
File: ./pictures/pdf/mainRegions.pdf Graphic file (type pdf)

<use ./pictures/pdf/mainRegions.pdf>
Package pdftex.def Info: ./pictures/pdf/mainRegions.pdf used on input line 114.

(pdftex.def)             Requested size: 161.9989pt x 147.90854pt.

<./pictures/pdf/transferRegions.pdf, id=1146, 498.663pt x 455.30101pt>
File: ./pictures/pdf/transferRegions.pdf Graphic file (type pdf)

<use ./pictures/pdf/transferRegions.pdf>
Package pdftex.def Info: ./pictures/pdf/transferRegions.pdf used on input line 
115.
(pdftex.def)             Requested size: 161.9989pt x 147.90854pt.
 [24 <./pictures/pdf/stateMachine.pdf> <./pictures/pdf/mainRegions.pdf> <./pict
ures/pdf/transferRegions.pdf

pdfTeX warning: /Library/TeX/texbin/pdflatex (file ./pictures/pdf/transferRegio
ns.pdf): PDF inclusion: multiple pdfs with page group included in a single page

>] <./pictures/pdf/AllShapes.pdf, id=1215, 542.025pt x 542.025pt>
File: ./pictures/pdf/AllShapes.pdf Graphic file (type pdf)

<use ./pictures/pdf/AllShapes.pdf>
Package pdftex.def Info: ./pictures/pdf/AllShapes.pdf used on input line 132.
(pdftex.def)             Requested size: 108.0011pt x 107.99782pt.

<./pictures/pdf/SwarmRun.pdf, id=1222, 1430.94597pt x 325.215pt>
File: ./pictures/pdf/SwarmRun.pdf Graphic file (type pdf)

<use ./pictures/pdf/SwarmRun.pdf>
Package pdftex.def Info: ./pictures/pdf/SwarmRun.pdf used on input line 188.
(pdftex.def)             Requested size: 360.0pt x 81.81467pt.
 [25 <./pictures/pdf/AllShapes.pdf>]
<./pictures/pdf/SimVeryNum.pdf, id=1240, 361.35pt x 207.77625pt>
File: ./pictures/pdf/SimVeryNum.pdf Graphic file (type pdf)

<use ./pictures/pdf/SimVeryNum.pdf>
Package pdftex.def Info: ./pictures/pdf/SimVeryNum.pdf used on input line 213.
(pdftex.def)             Requested size: 161.9989pt x 93.14969pt.

<./pictures/pdf/SimVeryNoise.pdf, id=1241, 361.35pt x 207.77625pt>
File: ./pictures/pdf/SimVeryNoise.pdf Graphic file (type pdf)

<use ./pictures/pdf/SimVeryNoise.pdf>
Package pdftex.def Info: ./pictures/pdf/SimVeryNoise.pdf used on input line 215
.
(pdftex.def)             Requested size: 161.9989pt x 93.14969pt.

<./pictures/pdf/SimVeryWeight.pdf, id=1242, 361.35pt x 209.78375pt>
File: ./pictures/pdf/SimVeryWeight.pdf Graphic file (type pdf)

<use ./pictures/pdf/SimVeryWeight.pdf>
Package pdftex.def Info: ./pictures/pdf/SimVeryWeight.pdf used on input line 21
7.
(pdftex.def)             Requested size: 161.9989pt x 94.04968pt.

<./pictures/pdf/SimVeryShape.pdf, id=1243, 361.35pt x 211.79124pt>
File: ./pictures/pdf/SimVeryShape.pdf Graphic file (type pdf)

<use ./pictures/pdf/SimVeryShape.pdf>
Package pdftex.def Info: ./pictures/pdf/SimVeryShape.pdf used on input line 219
.
(pdftex.def)             Requested size: 161.9989pt x 94.94969pt.
) (./realExperiment.tex
Overfull \hbox (4.5033pt too wide) in paragraph at lines 5--6
\OT1/cmr/m/n/10.95 Our ex-per-i-ments use centimeter-scale hard-ware sys-tems c
alled \OT1/cmr/m/it/10.95 kilo-bots\OT1/cmr/m/n/10.95 . While
 []

[26 <./pictures/pdf/SwarmRun.pdf> <./pictures/pdf/SimVeryNum.pdf

pdfTeX warning: /Library/TeX/texbin/pdflatex (file ./pictures/pdf/SimVeryNum.pd
f): PDF inclusion: multiple pdfs with page group included in a single page
> <./pictures/pdf/SimVeryNoise.pdf

pdfTeX warning: /Library/TeX/texbin/pdflatex (file ./pictures/pdf/SimVeryNoise.
pdf): PDF inclusion: multiple pdfs with page group included in a single page
> <./pictures/pdf/SimVeryWeight.pdf

pdfTeX warning: /Library/TeX/texbin/pdflatex (file ./pictures/pdf/SimVeryWeight
.pdf): PDF inclusion: multiple pdfs with page group included in a single page
> <./pictures/pdf/SimVeryShape.pdf

pdfTeX warning: /Library/TeX/texbin/pdflatex (file ./pictures/pdf/SimVeryShape.
pdf): PDF inclusion: multiple pdfs with page group included in a single page
>] <./pictures/pdf/SetUp.pdf, id=1323, 614.295pt x 505.89pt>
File: ./pictures/pdf/SetUp.pdf Graphic file (type pdf)

<use ./pictures/pdf/SetUp.pdf>
Package pdftex.def Info: ./pictures/pdf/SetUp.pdf used on input line 39.
(pdftex.def)             Requested size: 180.0pt x 148.23274pt.

<./pictures/pdf/AllShapesR.pdf, id=1324, 638.385pt x 884.30376pt>
File: ./pictures/pdf/AllShapesR.pdf Graphic file (type pdf)

<use ./pictures/pdf/AllShapesR.pdf>
Package pdftex.def Info: ./pictures/pdf/AllShapesR.pdf used on input line 40.
(pdftex.def)             Requested size: 90.0pt x 124.66525pt.

<./pictures/pdf/PotentialExp.pdf, id=1325, 638.385pt x 884.30376pt>
File: ./pictures/pdf/PotentialExp.pdf Graphic file (type pdf)

<use ./pictures/pdf/PotentialExp.pdf>
Package pdftex.def Info: ./pictures/pdf/PotentialExp.pdf used on input line 41.

(pdftex.def)             Requested size: 90.0pt x 124.66525pt.
 [27]
<./pictures/pdf/RealMean.pdf, id=1340, 2168.1pt x 505.89pt>
File: ./pictures/pdf/RealMean.pdf Graphic file (type pdf)

<use ./pictures/pdf/RealMean.pdf>
Package pdftex.def Info: ./pictures/pdf/RealMean.pdf used on input line 59.
(pdftex.def)             Requested size: 360.0pt x 83.99315pt.
 [28 <./pictures/pdf/SetUp.pdf> <./pictures/pdf/AllShapesR.pdf> <./pictures/pdf
/PotentialExp.pdf> <./pictures/pdf/RealMean.pdf>] <./pictures/pdf/Snapshots.pdf
, id=1509, 2168.1pt x 1879.02pt>
File: ./pictures/pdf/Snapshots.pdf Graphic file (type pdf)

<use ./pictures/pdf/Snapshots.pdf>
Package pdftex.def Info: ./pictures/pdf/Snapshots.pdf used on input line 96.
(pdftex.def)             Requested size: 323.9978pt x 280.78pt.
) (./conclusion.tex [29 <./pictures/pdf/Snapshots.pdf>]) (./SwarmControlIJRR.bb
l
Underfull \hbox (badness 10000) in paragraph at lines 27--31
[]\OT1/cmr/m/n/10.95 Aaron T. Becker.  ``MDP robot grid-world ex-am-ple",
 []


Underfull \hbox (badness 10000) in paragraph at lines 27--31
\OT1/cmr/m/n/10.95 https://www.mathworks.com/matlabcentral/fileexchange/49992-m
dp-
 []

[30]
Missing character: There is no Õ in font cmr10!
 [31]
Underfull \hbox (badness 2277) in paragraph at lines 191--193
[]\OT1/cmr/m/n/10.95 K-Team.  Kilo-bot, www.k-team.com/mobile-robotics-products
/kilobot,
 []

[32] [33]
Underfull \hbox (badness 4792) in paragraph at lines 274--278
[]\OT1/cmr/m/n/10.95 Shiva Shahrokhi and Aaron T. Becker.  Block-Pushin-gIROS20
15,
 []


Underfull \hbox (badness 6268) in paragraph at lines 281--285
[]\OT1/cmr/m/n/10.95 Shiva Shahrokhi and Aaron T. Becker.  ``Wall-Friction Swar
m
 []


Underfull \hbox (badness 4940) in paragraph at lines 281--285
\OT1/cmr/m/n/10.95 Shape Con-trol", https://github.com/aabecker/swarmcontrolsan
dbox/
 []

[34])
Package atveryend Info: Empty hook `BeforeClearDocument' on input line 213.
 [35]
Package atveryend Info: Empty hook `AfterLastShipout' on input line 213.
 (./SwarmControlIJRR.aux)
Package atveryend Info: Executing hook `AtVeryEndDocument' on input line 213.
Package atveryend Info: Executing hook `AtEndAfterFileList' on input line 213.
Package rerunfilecheck Info: File `SwarmControlIJRR.out' has not changed.
(rerunfilecheck)             Checksum: 2A577C09F0DD277D8B7D553A1B99E1A1;2086.


LaTeX Warning: Label(s) may have changed. Rerun to get cross-references right.

Package atveryend Info: Empty hook `AtVeryVeryEnd' on input line 213.
 ) 
Here is how much of TeX's memory you used:
 16690 strings out of 493089
 280877 string characters out of 6134842
 359833 words of memory out of 5000000
 19669 multiletter control sequences out of 15000+600000
 26340 words of font info for 97 fonts, out of 8000000 for 9000
 1148 hyphenation exceptions out of 8191
 38i,18n,47p,10396b,525s stack positions out of 5000i,500n,10000p,200000b,80000s
</usr/local/texlive/2015/texmf-dist/fonts/type1/public/amsfonts/cm/cmbx10.pfb
></usr/local/texlive/2015/texmf-dist/fonts/type1/public/amsfonts/cm/cmbx12.pfb>
</usr/local/texlive/2015/texmf-dist/fonts/type1/public/amsfonts/cm/cmbx8.pfb></
usr/local/texlive/2015/texmf-dist/fonts/type1/public/amsfonts/cm/cmcsc10.pfb></
usr/local/texlive/2015/texmf-dist/fonts/type1/public/amsfonts/cm/cmex10.pfb></u
sr/local/texlive/2015/texmf-dist/fonts/type1/public/amsfonts/cm/cmmi10.pfb></us
r/local/texlive/2015/texmf-dist/fonts/type1/public/amsfonts/cm/cmmi7.pfb></usr/
local/texlive/2015/texmf-dist/fonts/type1/public/amsfonts/cm/cmmi8.pfb></usr/lo
cal/texlive/2015/texmf-dist/fonts/type1/public/amsfonts/cm/cmmib10.pfb></usr/lo
cal/texlive/2015/texmf-dist/fonts/type1/public/amsfonts/cm/cmr10.pfb></usr/loca
l/texlive/2015/texmf-dist/fonts/type1/public/amsfonts/cm/cmr12.pfb></usr/local/
texlive/2015/texmf-dist/fonts/type1/public/amsfonts/cm/cmr6.pfb></usr/local/tex
live/2015/texmf-dist/fonts/type1/public/amsfonts/cm/cmr8.pfb></usr/local/texliv
e/2015/texmf-dist/fonts/type1/public/amsfonts/cm/cmr9.pfb></usr/local/texlive/2
015/texmf-dist/fonts/type1/public/amsfonts/cm/cmss10.pfb></usr/local/texlive/20
15/texmf-dist/fonts/type1/public/amsfonts/cm/cmss9.pfb></usr/local/texlive/2015
/texmf-dist/fonts/type1/public/amsfonts/cm/cmsy10.pfb></usr/local/texlive/2015/
texmf-dist/fonts/type1/public/amsfonts/cm/cmsy6.pfb></usr/local/texlive/2015/te
xmf-dist/fonts/type1/public/amsfonts/cm/cmsy8.pfb></usr/local/texlive/2015/texm
f-dist/fonts/type1/public/amsfonts/cm/cmti10.pfb></usr/local/texlive/2015/texmf
-dist/fonts/type1/public/amsfonts/cm/cmtt10.pfb>
Output written on SwarmControlIJRR.pdf (35 pages, 25399077 bytes).
PDF statistics:
 1680 PDF objects out of 1728 (max. 8388607)
 1273 compressed objects within 13 object streams
 181 named destinations out of 1000 (max. 500000)
 427 words of extra memory for PDF output out of 10000 (max. 10000000)

